TN:
SF:src/App.tsx
FN:37,App
FN:55,(anonymous_1)
FN:79,(anonymous_2)
FN:80,(anonymous_3)
FN:87,(anonymous_4)
FN:95,(anonymous_5)
FN:100,(anonymous_6)
FN:107,(anonymous_7)
FN:115,(anonymous_8)
FN:143,(anonymous_9)
FN:154,(anonymous_10)
FN:165,(anonymous_11)
FN:176,(anonymous_12)
FN:187,(anonymous_13)
FN:200,(anonymous_14)
FN:208,(anonymous_15)
FN:316,(anonymous_16)
FN:324,(anonymous_17)
FNF:18
FNH:0
FNDA:0,App
FNDA:0,(anonymous_1)
FNDA:0,(anonymous_2)
FNDA:0,(anonymous_3)
FNDA:0,(anonymous_4)
FNDA:0,(anonymous_5)
FNDA:0,(anonymous_6)
FNDA:0,(anonymous_7)
FNDA:0,(anonymous_8)
FNDA:0,(anonymous_9)
FNDA:0,(anonymous_10)
FNDA:0,(anonymous_11)
FNDA:0,(anonymous_12)
FNDA:0,(anonymous_13)
FNDA:0,(anonymous_14)
FNDA:0,(anonymous_15)
FNDA:0,(anonymous_16)
FNDA:0,(anonymous_17)
DA:35,0
DA:38,0
DA:39,0
DA:42,0
DA:43,0
DA:44,0
DA:45,0
DA:46,0
DA:47,0
DA:55,0
DA:57,0
DA:59,0
DA:70,0
DA:79,0
DA:80,0
DA:81,0
DA:82,0
DA:87,0
DA:88,0
DA:89,0
DA:90,0
DA:91,0
DA:92,0
DA:93,0
DA:95,0
DA:100,0
DA:101,0
DA:102,0
DA:103,0
DA:104,0
DA:107,0
DA:108,0
DA:109,0
DA:110,0
DA:111,0
DA:112,0
DA:115,0
DA:116,0
DA:121,0
DA:122,0
DA:125,0
DA:143,0
DA:154,0
DA:165,0
DA:176,0
DA:187,0
DA:200,0
DA:208,0
DA:316,0
DA:324,0
LF:50
LH:0
BRDA:73,0,0,0
BRDA:73,0,1,0
BRDA:73,0,2,0
BRDA:81,1,0,0
BRDA:81,1,1,0
BRDA:90,2,0,0
BRDA:90,2,1,0
BRDA:121,3,0,0
BRDA:121,3,1,0
BRDA:142,4,0,0
BRDA:142,4,1,0
BRDA:153,5,0,0
BRDA:153,5,1,0
BRDA:164,6,0,0
BRDA:164,6,1,0
BRDA:175,7,0,0
BRDA:175,7,1,0
BRDA:186,8,0,0
BRDA:186,8,1,0
BRDA:199,9,0,0
BRDA:199,9,1,0
BRDA:207,10,0,0
BRDA:207,10,1,0
BRDA:222,11,0,0
BRDA:222,11,1,0
BRDA:227,12,0,0
BRDA:227,12,1,0
BRDA:227,12,2,0
BRDA:241,13,0,0
BRDA:241,13,1,0
BRDA:242,14,0,0
BRDA:242,14,1,0
BRDA:249,15,0,0
BRDA:249,15,1,0
BRDA:250,16,0,0
BRDA:250,16,1,0
BRDA:263,17,0,0
BRDA:263,17,1,0
BRDA:264,18,0,0
BRDA:264,18,1,0
BRDA:278,19,0,0
BRDA:278,19,1,0
BRDA:279,20,0,0
BRDA:279,20,1,0
BRDA:299,21,0,0
BRDA:299,21,1,0
BRDA:300,22,0,0
BRDA:300,22,1,0
BRDA:313,23,0,0
BRDA:313,23,1,0
BRDA:314,24,0,0
BRDA:314,24,1,0
BRDA:323,25,0,0
BRDA:323,25,1,0
BRF:54
BRH:0
end_of_record
TN:
SF:src/components/ApiKeySection.tsx
FN:11,(anonymous_0)
FN:33,ApiKeySection
FN:59,(anonymous_2)
FN:64,(anonymous_3)
FNF:4
FNH:4
FNDA:7,(anonymous_0)
FNDA:14,ApiKeySection
FNDA:3,(anonymous_2)
FNDA:2,(anonymous_3)
DA:11,1
DA:12,7
DA:38,14
DA:39,14
DA:41,14
DA:59,3
DA:64,2
LF:7
LH:7
BRDA:56,0,0,1
BRDA:56,0,1,13
BRDA:66,1,0,1
BRDA:66,1,1,13
BRDA:67,2,0,1
BRDA:67,2,1,13
BRDA:70,3,0,1
BRDA:70,3,1,13
BRDA:83,4,0,14
BRDA:83,4,1,7
BRDA:102,5,0,14
BRDA:102,5,1,1
BRF:12
BRH:12
end_of_record
TN:
SF:src/components/AudioPlayer.tsx
FN:20,AudioPlayer
FN:21,(anonymous_1)
FNF:2
FNH:2
FNDA:7,AudioPlayer
FNDA:1,(anonymous_1)
DA:21,7
DA:22,1
DA:25,7
DA:27,6
LF:4
LH:4
BRDA:25,0,0,1
BRDA:25,0,1,6
BRDA:33,1,0,1
BRDA:33,1,1,5
BRDA:35,2,0,1
BRDA:35,2,1,5
BRDA:42,3,0,7
BRDA:42,3,1,0
BRDA:48,4,0,7
BRDA:48,4,1,0
BRF:10
BRH:8
end_of_record
TN:
SF:src/components/DebugConsole.tsx
FN:17,notifyListeners
FN:18,(anonymous_1)
FN:31,installInterceptors
FN:35,(anonymous_3)
FN:36,(anonymous_4)
FN:40,(anonymous_5)
FN:75,DebugConsole
FN:82,(anonymous_7)
FN:83,(anonymous_8)
FN:87,(anonymous_9)
FN:88,(anonymous_10)
FN:92,(anonymous_11)
FN:98,(anonymous_12)
FN:104,(anonymous_13)
FN:109,(anonymous_14)
FN:113,(anonymous_15)
FN:114,(anonymous_16)
FN:115,(anonymous_17)
FN:124,(anonymous_18)
FN:130,(anonymous_19)
FN:136,(anonymous_20)
FN:159,(anonymous_21)
FNF:22
FNH:0
FNDA:0,notifyListeners
FNDA:0,(anonymous_1)
FNDA:0,installInterceptors
FNDA:0,(anonymous_3)
FNDA:0,(anonymous_4)
FNDA:0,(anonymous_5)
FNDA:0,DebugConsole
FNDA:0,(anonymous_7)
FNDA:0,(anonymous_8)
FNDA:0,(anonymous_9)
FNDA:0,(anonymous_10)
FNDA:0,(anonymous_11)
FNDA:0,(anonymous_12)
FNDA:0,(anonymous_13)
FNDA:0,(anonymous_14)
FNDA:0,(anonymous_15)
FNDA:0,(anonymous_16)
FNDA:0,(anonymous_17)
FNDA:0,(anonymous_18)
FNDA:0,(anonymous_19)
FNDA:0,(anonymous_20)
FNDA:0,(anonymous_21)
DA:13,0
DA:14,0
DA:15,0
DA:18,0
DA:22,0
DA:29,0
DA:32,0
DA:33,0
DA:35,0
DA:36,0
DA:37,0
DA:39,0
DA:41,0
DA:42,0
DA:43,0
DA:45,0
DA:50,0
DA:51,0
DA:53,0
DA:55,0
DA:56,0
DA:59,0
DA:63,0
DA:64,0
DA:65,0
DA:66,0
DA:69,0
DA:76,0
DA:77,0
DA:78,0
DA:79,0
DA:80,0
DA:82,0
DA:83,0
DA:84,0
DA:86,0
DA:87,0
DA:88,0
DA:92,0
DA:93,0
DA:94,0
DA:98,0
DA:99,0
DA:100,0
DA:101,0
DA:104,0
DA:105,0
DA:106,0
DA:109,0
DA:111,0
DA:113,0
DA:114,0
DA:115,0
DA:118,0
DA:124,0
DA:130,0
DA:136,0
DA:160,0
LF:58
LH:0
BRDA:32,0,0,0
BRDA:32,0,1,0
BRDA:41,1,0,0
BRDA:41,1,1,0
BRDA:55,2,0,0
BRDA:55,2,1,0
BRDA:93,3,0,0
BRDA:93,3,1,0
BRDA:93,4,0,0
BRDA:93,4,1,0
BRDA:99,5,0,0
BRDA:99,5,1,0
BRDA:109,6,0,0
BRDA:109,6,1,0
BRDA:113,7,0,0
BRDA:113,7,1,0
BRDA:123,8,0,0
BRDA:123,8,1,0
BRDA:129,9,0,0
BRDA:129,9,1,0
BRDA:135,10,0,0
BRDA:135,10,1,0
BRDA:156,11,0,0
BRDA:156,11,1,0
BRF:24
BRH:0
end_of_record
TN:
SF:src/components/EditPage.tsx
FN:26,EditPage
FN:33,(anonymous_1)
FN:34,(anonymous_2)
FN:42,(anonymous_3)
FN:45,(anonymous_4)
FN:47,(anonymous_5)
FN:48,(anonymous_6)
FN:53,(anonymous_7)
FN:89,(anonymous_8)
FN:94,(anonymous_9)
FN:99,(anonymous_10)
FN:100,(anonymous_11)
FN:115,(anonymous_12)
FN:120,(anonymous_13)
FN:125,(anonymous_14)
FN:126,(anonymous_15)
FN:213,(anonymous_16)
FNF:17
FNH:0
FNDA:0,EditPage
FNDA:0,(anonymous_1)
FNDA:0,(anonymous_2)
FNDA:0,(anonymous_3)
FNDA:0,(anonymous_4)
FNDA:0,(anonymous_5)
FNDA:0,(anonymous_6)
FNDA:0,(anonymous_7)
FNDA:0,(anonymous_8)
FNDA:0,(anonymous_9)
FNDA:0,(anonymous_10)
FNDA:0,(anonymous_11)
FNDA:0,(anonymous_12)
FNDA:0,(anonymous_13)
FNDA:0,(anonymous_14)
FNDA:0,(anonymous_15)
FNDA:0,(anonymous_16)
DA:27,0
DA:28,0
DA:29,0
DA:30,0
DA:33,0
DA:34,0
DA:35,0
DA:36,0
DA:37,0
DA:38,0
DA:41,0
DA:42,0
DA:45,0
DA:46,0
DA:47,0
DA:48,0
DA:49,0
DA:50,0
DA:53,0
DA:54,0
DA:55,0
DA:56,0
DA:60,0
DA:62,0
DA:90,0
DA:95,0
DA:96,0
DA:97,0
DA:99,0
DA:100,0
DA:116,0
DA:121,0
DA:122,0
DA:123,0
DA:125,0
DA:126,0
DA:213,0
LF:37
LH:0
BRDA:26,0,0,0
BRDA:35,1,0,0
BRDA:35,1,1,0
BRDA:35,2,0,0
BRDA:35,2,1,0
BRDA:35,2,2,0
BRDA:35,2,3,0
BRDA:46,3,0,0
BRDA:46,3,1,0
BRDA:49,4,0,0
BRDA:49,4,1,0
BRDA:50,5,0,0
BRDA:50,5,1,0
BRDA:55,6,0,0
BRDA:55,6,1,0
BRDA:60,7,0,0
BRDA:60,7,1,0
BRDA:80,8,0,0
BRDA:80,8,1,0
BRDA:92,9,0,0
BRDA:92,9,1,0
BRDA:103,10,0,0
BRDA:103,10,1,0
BRDA:103,11,0,0
BRDA:103,11,1,0
BRDA:118,12,0,0
BRDA:118,12,1,0
BRDA:153,13,0,0
BRDA:153,13,1,0
BRDA:188,14,0,0
BRDA:188,14,1,0
BRDA:190,15,0,0
BRDA:190,15,1,0
BRDA:191,16,0,0
BRDA:191,16,1,0
BRDA:193,17,0,0
BRDA:193,17,1,0
BRDA:206,18,0,0
BRDA:206,18,1,0
BRDA:230,19,0,0
BRDA:230,19,1,0
BRDA:266,20,0,0
BRDA:266,20,1,0
BRF:43
BRH:0
end_of_record
TN:
SF:src/components/ErrorBoundary.tsx
FN:20,(anonymous_0)
FN:25,(anonymous_1)
FN:29,(anonymous_2)
FN:34,(anonymous_3)
FN:38,(anonymous_4)
FNF:5
FNH:0
FNDA:0,(anonymous_0)
FNDA:0,(anonymous_1)
FNDA:0,(anonymous_2)
FNDA:0,(anonymous_3)
FNDA:0,(anonymous_4)
DA:21,0
DA:22,0
DA:26,0
DA:30,0
DA:34,0
DA:35,0
DA:39,0
DA:40,0
DA:58,0
LF:9
LH:0
BRDA:26,0,0,0
BRDA:26,0,1,0
BRDA:39,1,0,0
BRDA:39,1,1,0
BRDA:50,2,0,0
BRDA:50,2,1,0
BRF:6
BRH:0
end_of_record
TN:
SF:src/components/Icons.tsx
FN:6,(anonymous_0)
FN:13,(anonymous_1)
FN:24,(anonymous_2)
FN:33,(anonymous_3)
FN:44,(anonymous_4)
FN:53,(anonymous_5)
FN:62,(anonymous_6)
FN:70,(anonymous_7)
FN:78,(anonymous_8)
FN:87,(anonymous_9)
FN:96,(anonymous_10)
FN:107,(anonymous_11)
FN:115,(anonymous_12)
FN:123,(anonymous_13)
FN:131,(anonymous_14)
FNF:15
FNH:15
FNDA:2,(anonymous_0)
FNDA:2,(anonymous_1)
FNDA:2,(anonymous_2)
FNDA:2,(anonymous_3)
FNDA:2,(anonymous_4)
FNDA:2,(anonymous_5)
FNDA:2,(anonymous_6)
FNDA:2,(anonymous_7)
FNDA:14,(anonymous_8)
FNDA:7,(anonymous_9)
FNDA:5,(anonymous_10)
FNDA:2,(anonymous_11)
FNDA:2,(anonymous_12)
FNDA:2,(anonymous_13)
FNDA:2,(anonymous_14)
DA:6,2
DA:7,2
DA:13,2
DA:14,2
DA:24,2
DA:25,2
DA:33,2
DA:34,2
DA:44,2
DA:45,2
DA:53,2
DA:54,2
DA:62,2
DA:63,2
DA:70,2
DA:71,2
DA:78,2
DA:79,14
DA:87,2
DA:88,7
DA:96,2
DA:97,5
DA:107,2
DA:108,2
DA:115,2
DA:116,2
DA:123,2
DA:124,2
DA:131,2
DA:132,2
LF:30
LH:30
BRF:0
BRH:0
end_of_record
TN:
SF:src/components/MediaPreview.tsx
FN:68,hasBufferAt
FN:78,findActiveVideoClip
FN:88,findNextVideoClip
FN:104,(anonymous_3)
FN:108,(anonymous_4)
FN:111,MediaPreview
FN:128,(anonymous_6)
FN:147,(anonymous_7)
FN:151,(anonymous_8)
FN:156,(anonymous_9)
FN:165,(anonymous_10)
FN:172,(anonymous_11)
FN:177,(anonymous_12)
FN:186,(anonymous_13)
FN:194,(anonymous_14)
FN:203,(anonymous_15)
FN:235,(anonymous_16)
FN:285,(anonymous_17)
FN:321,(anonymous_18)
FN:331,(anonymous_19)
FN:344,(anonymous_20)
FN:352,(anonymous_21)
FN:359,(anonymous_22)
FN:363,(anonymous_23)
FN:370,(anonymous_24)
FN:374,(anonymous_25)
FN:398,(anonymous_26)
FNF:27
FNH:0
FNDA:0,hasBufferAt
FNDA:0,findActiveVideoClip
FNDA:0,findNextVideoClip
FNDA:0,(anonymous_3)
FNDA:0,(anonymous_4)
FNDA:0,MediaPreview
FNDA:0,(anonymous_6)
FNDA:0,(anonymous_7)
FNDA:0,(anonymous_8)
FNDA:0,(anonymous_9)
FNDA:0,(anonymous_10)
FNDA:0,(anonymous_11)
FNDA:0,(anonymous_12)
FNDA:0,(anonymous_13)
FNDA:0,(anonymous_14)
FNDA:0,(anonymous_15)
FNDA:0,(anonymous_16)
FNDA:0,(anonymous_17)
FNDA:0,(anonymous_18)
FNDA:0,(anonymous_19)
FNDA:0,(anonymous_20)
FNDA:0,(anonymous_21)
FNDA:0,(anonymous_22)
FNDA:0,(anonymous_23)
FNDA:0,(anonymous_24)
FNDA:0,(anonymous_25)
FNDA:0,(anonymous_26)
DA:29,0
DA:32,0
DA:35,0
DA:43,0
DA:46,0
DA:49,0
DA:52,0
DA:55,0
DA:58,0
DA:69,0
DA:70,0
DA:71,0
DA:74,0
DA:79,0
DA:80,0
DA:81,0
DA:84,0
DA:89,0
DA:90,0
DA:91,0
DA:92,0
DA:93,0
DA:96,0
DA:104,0
DA:108,0
DA:113,0
DA:114,0
DA:116,0
DA:118,0
DA:120,0
DA:122,0
DA:124,0
DA:125,0
DA:128,0
DA:129,0
DA:130,0
DA:134,0
DA:135,0
DA:136,0
DA:137,0
DA:138,0
DA:140,0
DA:141,0
DA:142,0
DA:143,0
DA:144,0
DA:147,0
DA:148,0
DA:151,0
DA:152,0
DA:156,0
DA:157,0
DA:158,0
DA:159,0
DA:160,0
DA:161,0
DA:165,0
DA:166,0
DA:167,0
DA:168,0
DA:169,0
DA:170,0
DA:171,0
DA:172,0
DA:177,0
DA:178,0
DA:179,0
DA:180,0
DA:182,0
DA:186,0
DA:187,0
DA:188,0
DA:189,0
DA:190,0
DA:191,0
DA:192,0
DA:194,0
DA:195,0
DA:196,0
DA:197,0
DA:203,0
DA:204,0
DA:205,0
DA:206,0
DA:207,0
DA:208,0
DA:209,0
DA:211,0
DA:212,0
DA:213,0
DA:216,0
DA:217,0
DA:220,0
DA:222,0
DA:225,0
DA:226,0
DA:227,0
DA:230,0
DA:231,0
DA:232,0
DA:233,0
DA:234,0
DA:235,0
DA:238,0
DA:239,0
DA:240,0
DA:241,0
DA:242,0
DA:244,0
DA:245,0
DA:246,0
DA:249,0
DA:253,0
DA:256,0
DA:257,0
DA:259,0
DA:260,0
DA:262,0
DA:263,0
DA:266,0
DA:269,0
DA:270,0
DA:271,0
DA:272,0
DA:273,0
DA:274,0
DA:275,0
DA:276,0
DA:277,0
DA:278,0
DA:285,0
DA:286,0
DA:287,0
DA:288,0
DA:289,0
DA:291,0
DA:292,0
DA:293,0
DA:294,0
DA:296,0
DA:297,0
DA:298,0
DA:299,0
DA:300,0
DA:303,0
DA:304,0
DA:306,0
DA:307,0
DA:309,0
DA:314,0
DA:315,0
DA:319,0
DA:320,0
DA:321,0
DA:322,0
DA:324,0
DA:325,0
DA:331,0
DA:332,0
DA:333,0
DA:334,0
DA:335,0
DA:336,0
DA:337,0
DA:338,0
DA:344,0
DA:345,0
DA:347,0
DA:348,0
DA:350,0
DA:351,0
DA:352,0
DA:353,0
DA:357,0
DA:358,0
DA:359,0
DA:361,0
DA:363,0
DA:364,0
DA:365,0
DA:366,0
DA:368,0
DA:370,0
DA:374,0
DA:375,0
DA:376,0
DA:379,0
DA:399,0
LF:188
LH:0
BRDA:68,0,0,0
BRDA:70,1,0,0
BRDA:70,1,1,0
BRDA:70,2,0,0
BRDA:70,2,1,0
BRDA:80,3,0,0
BRDA:80,3,1,0
BRDA:80,4,0,0
BRDA:80,4,1,0
BRDA:92,5,0,0
BRDA:92,5,1,0
BRDA:92,6,0,0
BRDA:92,6,1,0
BRDA:92,6,2,0
BRDA:129,7,0,0
BRDA:129,7,1,0
BRDA:148,8,0,0
BRDA:148,8,1,0
BRDA:152,9,0,0
BRDA:152,9,1,0
BRDA:157,10,0,0
BRDA:157,10,1,0
BRDA:160,11,0,0
BRDA:160,11,1,0
BRDA:160,12,0,0
BRDA:160,12,1,0
BRDA:161,13,0,0
BRDA:161,13,1,0
BRDA:161,14,0,0
BRDA:161,14,1,0
BRDA:168,15,0,0
BRDA:168,15,1,0
BRDA:171,16,0,0
BRDA:171,16,1,0
BRDA:171,17,0,0
BRDA:171,17,1,0
BRDA:179,18,0,0
BRDA:179,18,1,0
BRDA:204,19,0,0
BRDA:204,19,1,0
BRDA:206,20,0,0
BRDA:206,20,1,0
BRDA:209,21,0,0
BRDA:209,21,1,0
BRDA:213,22,0,0
BRDA:213,22,1,0
BRDA:213,23,0,0
BRDA:213,23,1,0
BRDA:216,24,0,0
BRDA:216,24,1,0
BRDA:220,25,0,0
BRDA:220,25,1,0
BRDA:220,26,0,0
BRDA:220,26,1,0
BRDA:220,26,2,0
BRDA:220,26,3,0
BRDA:222,27,0,0
BRDA:222,27,1,0
BRDA:231,28,0,0
BRDA:231,28,1,0
BRDA:235,29,0,0
BRDA:235,29,1,0
BRDA:239,30,0,0
BRDA:239,30,1,0
BRDA:253,31,0,0
BRDA:253,31,1,0
BRDA:256,32,0,0
BRDA:256,32,1,0
BRDA:256,33,0,0
BRDA:256,33,1,0
BRDA:257,34,0,0
BRDA:257,34,1,0
BRDA:260,35,0,0
BRDA:260,35,1,0
BRDA:262,36,0,0
BRDA:262,36,1,0
BRDA:266,37,0,0
BRDA:266,37,1,0
BRDA:270,38,0,0
BRDA:270,38,1,0
BRDA:270,39,0,0
BRDA:270,39,1,0
BRDA:272,40,0,0
BRDA:272,40,1,0
BRDA:272,41,0,0
BRDA:272,41,1,0
BRDA:273,42,0,0
BRDA:273,42,1,0
BRDA:273,43,0,0
BRDA:273,43,1,0
BRDA:273,43,2,0
BRDA:275,44,0,0
BRDA:275,44,1,0
BRDA:286,45,0,0
BRDA:286,45,1,0
BRDA:293,46,0,0
BRDA:293,46,1,0
BRDA:294,47,0,0
BRDA:294,47,1,0
BRDA:294,48,0,0
BRDA:294,48,1,0
BRDA:294,48,2,0
BRDA:296,49,0,0
BRDA:296,49,1,0
BRDA:297,50,0,0
BRDA:297,50,1,0
BRDA:304,51,0,0
BRDA:304,51,1,0
BRDA:306,52,0,0
BRDA:306,52,1,0
BRDA:309,53,0,0
BRDA:309,53,1,0
BRDA:315,54,0,0
BRDA:315,54,1,0
BRDA:319,55,0,0
BRDA:319,55,1,0
BRDA:320,56,0,0
BRDA:320,56,1,0
BRDA:321,57,0,0
BRDA:321,57,1,0
BRDA:321,58,0,0
BRDA:321,58,1,0
BRDA:322,59,0,0
BRDA:322,59,1,0
BRDA:322,60,0,0
BRDA:322,60,1,0
BRDA:324,61,0,0
BRDA:324,61,1,0
BRDA:325,62,0,0
BRDA:325,62,1,0
BRDA:332,63,0,0
BRDA:332,63,1,0
BRDA:337,64,0,0
BRDA:337,64,1,0
BRDA:337,65,0,0
BRDA:337,65,1,0
BRDA:337,65,2,0
BRDA:337,65,3,0
BRDA:337,65,4,0
BRDA:345,66,0,0
BRDA:345,66,1,0
BRDA:348,67,0,0
BRDA:348,67,1,0
BRDA:351,68,0,0
BRDA:351,68,1,0
BRDA:351,69,0,0
BRDA:351,69,1,0
BRDA:352,70,0,0
BRDA:352,70,1,0
BRDA:352,71,0,0
BRDA:352,71,1,0
BRDA:358,72,0,0
BRDA:358,72,1,0
BRDA:358,73,0,0
BRDA:358,73,1,0
BRDA:358,73,2,0
BRDA:358,73,3,0
BRDA:361,74,0,0
BRDA:361,74,1,0
BRDA:365,75,0,0
BRDA:365,75,1,0
BRDA:376,76,0,0
BRDA:376,76,1,0
BRDA:381,77,0,0
BRDA:381,77,1,0
BRDA:398,78,0,0
BRDA:398,78,1,0
BRF:167
BRH:0
end_of_record
TN:
SF:src/components/ProjectStartup.tsx
FN:24,ProjectStartup
FN:31,(anonymous_1)
FN:41,(anonymous_2)
FN:47,(anonymous_3)
FN:71,(anonymous_4)
FN:76,(anonymous_5)
FN:77,(anonymous_6)
FN:107,(anonymous_7)
FN:116,(anonymous_8)
FN:145,(anonymous_9)
FN:167,(anonymous_10)
FN:170,(anonymous_11)
FNF:12
FNH:0
FNDA:0,ProjectStartup
FNDA:0,(anonymous_1)
FNDA:0,(anonymous_2)
FNDA:0,(anonymous_3)
FNDA:0,(anonymous_4)
FNDA:0,(anonymous_5)
FNDA:0,(anonymous_6)
FNDA:0,(anonymous_7)
FNDA:0,(anonymous_8)
FNDA:0,(anonymous_9)
FNDA:0,(anonymous_10)
FNDA:0,(anonymous_11)
DA:25,0
DA:26,0
DA:27,0
DA:28,0
DA:29,0
DA:31,0
DA:32,0
DA:33,0
DA:35,0
DA:36,0
DA:37,0
DA:41,0
DA:42,0
DA:43,0
DA:44,0
DA:47,0
DA:48,0
DA:50,0
DA:56,0
DA:57,0
DA:59,0
DA:60,0
DA:61,0
DA:62,0
DA:64,0
DA:65,0
DA:66,0
DA:71,0
DA:72,0
DA:73,0
DA:76,0
DA:77,0
DA:78,0
DA:80,0
DA:86,0
DA:87,0
DA:88,0
DA:89,0
DA:90,0
DA:95,0
DA:96,0
DA:107,0
DA:116,0
DA:135,0
DA:145,0
DA:168,0
DA:170,0
LF:47
LH:0
BRDA:36,0,0,0
BRDA:36,0,1,0
BRDA:42,1,0,0
BRDA:42,1,1,0
BRDA:56,2,0,0
BRDA:56,2,1,0
BRDA:86,3,0,0
BRDA:86,3,1,0
BRDA:87,4,0,0
BRDA:87,4,1,0
BRDA:95,5,0,0
BRDA:95,5,1,0
BRDA:112,6,0,0
BRDA:112,6,1,0
BRDA:123,7,0,0
BRDA:123,7,1,0
BRDA:126,8,0,0
BRDA:126,8,1,0
BRDA:163,9,0,0
BRDA:163,9,1,0
BRDA:185,10,0,0
BRDA:185,10,1,0
BRF:22
BRH:0
end_of_record
TN:
SF:src/components/PublishPage.tsx
FN:36,formatFileSize
FN:51,PublishPage
FN:65,(anonymous_2)
FN:73,(anonymous_3)
FN:116,(anonymous_4)
FN:124,(anonymous_5)
FN:155,(anonymous_6)
FN:194,(anonymous_7)
FN:204,(anonymous_8)
FN:220,(anonymous_9)
FN:230,(anonymous_10)
FNF:11
FNH:0
FNDA:0,formatFileSize
FNDA:0,PublishPage
FNDA:0,(anonymous_2)
FNDA:0,(anonymous_3)
FNDA:0,(anonymous_4)
FNDA:0,(anonymous_5)
FNDA:0,(anonymous_6)
FNDA:0,(anonymous_7)
FNDA:0,(anonymous_8)
FNDA:0,(anonymous_9)
FNDA:0,(anonymous_10)
DA:12,0
DA:20,0
DA:28,0
DA:37,0
DA:38,0
DA:39,0
DA:40,0
DA:52,0
DA:53,0
DA:54,0
DA:55,0
DA:56,0
DA:57,0
DA:58,0
DA:59,0
DA:60,0
DA:62,0
DA:65,0
DA:66,0
DA:67,0
DA:68,0
DA:69,0
DA:70,0
DA:73,0
DA:74,0
DA:75,0
DA:76,0
DA:79,0
DA:80,0
DA:81,0
DA:82,0
DA:83,0
DA:85,0
DA:86,0
DA:88,0
DA:89,0
DA:90,0
DA:91,0
DA:96,0
DA:97,0
DA:98,0
DA:99,0
DA:100,0
DA:102,0
DA:103,0
DA:107,0
DA:108,0
DA:109,0
DA:111,0
DA:115,0
DA:116,0
DA:117,0
DA:118,0
DA:119,0
DA:121,0
DA:124,0
DA:128,0
DA:130,0
DA:139,0
DA:140,0
DA:142,0
DA:143,0
DA:146,0
DA:147,0
DA:148,0
DA:150,0
DA:151,0
DA:155,0
DA:156,0
DA:157,0
DA:158,0
DA:159,0
DA:161,0
DA:165,0
DA:172,0
DA:179,0
DA:195,0
DA:204,0
DA:221,0
DA:230,0
LF:80
LH:0
BRDA:37,0,0,0
BRDA:37,0,1,0
BRDA:38,1,0,0
BRDA:38,1,1,0
BRDA:39,2,0,0
BRDA:39,2,1,0
BRDA:62,3,0,0
BRDA:62,3,1,0
BRDA:66,4,0,0
BRDA:66,4,1,0
BRDA:74,5,0,0
BRDA:74,5,1,0
BRDA:90,6,0,0
BRDA:90,6,1,0
BRDA:96,7,0,0
BRDA:96,7,1,0
BRDA:107,8,0,0
BRDA:107,8,1,0
BRDA:128,9,0,0
BRDA:128,9,1,0
BRDA:146,10,0,0
BRDA:146,10,1,0
BRDA:156,11,0,0
BRDA:156,11,1,0
BRDA:197,12,0,0
BRDA:197,12,1,0
BRDA:223,13,0,0
BRDA:223,13,1,0
BRDA:250,14,0,0
BRDA:250,14,1,0
BRDA:252,15,0,0
BRDA:252,15,1,0
BRDA:261,16,0,0
BRDA:261,16,1,0
BRDA:275,17,0,0
BRDA:275,17,1,0
BRDA:277,18,0,0
BRDA:277,18,1,0
BRDA:287,19,0,0
BRDA:287,19,1,0
BRDA:301,20,0,0
BRDA:301,20,1,0
BRDA:308,21,0,0
BRDA:308,21,1,0
BRDA:315,22,0,0
BRDA:315,22,1,0
BRF:46
BRH:0
end_of_record
TN:
SF:src/components/SceneCard.tsx
FN:36,SceneCard
FN:46,(anonymous_1)
FN:50,(anonymous_2)
FN:69,(anonymous_3)
FN:81,(anonymous_4)
FN:89,(anonymous_5)
FN:113,(anonymous_6)
FN:115,(anonymous_7)
FN:119,(anonymous_8)
FN:123,(anonymous_9)
FNF:10
FNH:0
FNDA:0,SceneCard
FNDA:0,(anonymous_1)
FNDA:0,(anonymous_2)
FNDA:0,(anonymous_3)
FNDA:0,(anonymous_4)
FNDA:0,(anonymous_5)
FNDA:0,(anonymous_6)
FNDA:0,(anonymous_7)
FNDA:0,(anonymous_8)
FNDA:0,(anonymous_9)
DA:43,0
DA:44,0
DA:46,0
DA:48,0
DA:51,0
DA:52,0
DA:53,0
DA:55,0
DA:69,0
DA:81,0
DA:89,0
DA:113,0
DA:116,0
DA:117,0
DA:119,0
DA:123,0
LF:16
LH:0
BRDA:44,0,0,0
BRDA:44,0,1,0
BRDA:51,1,0,0
BRDA:51,1,1,0
BRDA:51,2,0,0
BRDA:51,2,1,0
BRDA:52,3,0,0
BRDA:52,3,1,0
BRDA:52,4,0,0
BRDA:52,4,1,0
BRDA:53,5,0,0
BRDA:53,5,1,0
BRDA:55,6,0,0
BRDA:55,6,1,0
BRDA:58,7,0,0
BRDA:58,7,1,0
BRDA:59,8,0,0
BRDA:59,8,1,0
BRDA:59,9,0,0
BRDA:59,9,1,0
BRDA:62,10,0,0
BRDA:62,10,1,0
BRDA:68,11,0,0
BRDA:68,11,1,0
BRDA:95,12,0,0
BRDA:95,12,1,0
BRDA:109,13,0,0
BRDA:109,13,1,0
BRDA:116,14,0,0
BRDA:116,14,1,0
BRDA:116,15,0,0
BRDA:116,15,1,0
BRDA:117,16,0,0
BRDA:117,16,1,0
BRDA:128,17,0,0
BRDA:128,17,1,0
BRF:36
BRH:0
end_of_record
TN:
SF:src/components/ScenesHeader.tsx
FN:25,ScenesHeader
FN:52,(anonymous_1)
FN:93,(anonymous_2)
FNF:3
FNH:3
FNDA:13,ScenesHeader
FNDA:3,(anonymous_1)
FNDA:7,(anonymous_2)
DA:31,13
DA:33,13
DA:52,3
DA:93,7
LF:4
LH:4
BRDA:37,0,0,13
BRDA:37,0,1,6
BRDA:52,1,0,3
BRDA:52,1,1,1
BRDA:60,2,0,13
BRDA:60,2,1,12
BRDA:62,3,0,1
BRDA:62,3,1,12
BRDA:74,4,0,13
BRDA:74,4,1,6
BRDA:80,5,0,1
BRDA:80,5,1,5
BRDA:93,6,0,13
BRDA:93,6,1,3
BRF:14
BRH:14
end_of_record
TN:
SF:src/components/ScenesPage.tsx
FN:31,ScenesPage
FN:50,(anonymous_1)
FN:60,(anonymous_2)
FN:67,(anonymous_3)
FN:74,(anonymous_4)
FN:85,(anonymous_5)
FN:134,(anonymous_6)
FNF:7
FNH:0
FNDA:0,ScenesPage
FNDA:0,(anonymous_1)
FNDA:0,(anonymous_2)
FNDA:0,(anonymous_3)
FNDA:0,(anonymous_4)
FNDA:0,(anonymous_5)
FNDA:0,(anonymous_6)
DA:32,0
DA:33,0
DA:34,0
DA:45,0
DA:47,0
DA:50,0
DA:51,0
DA:52,0
DA:53,0
DA:55,0
DA:59,0
DA:60,0
DA:61,0
DA:62,0
DA:67,0
DA:68,0
DA:69,0
DA:74,0
DA:75,0
DA:76,0
DA:77,0
DA:78,0
DA:79,0
DA:81,0
DA:85,0
DA:87,0
DA:135,0
DA:136,0
DA:137,0
DA:138,0
DA:141,0
DA:143,0
LF:32
LH:0
BRDA:31,0,0,0
BRDA:51,1,0,0
BRDA:51,1,1,0
BRDA:51,2,0,0
BRDA:51,2,1,0
BRDA:53,3,0,0
BRDA:53,3,1,0
BRDA:61,4,0,0
BRDA:61,4,1,0
BRDA:61,5,0,0
BRDA:61,5,1,0
BRDA:68,6,0,0
BRDA:68,6,1,0
BRDA:76,7,0,0
BRDA:76,7,1,0
BRDA:104,8,0,0
BRDA:104,8,1,0
BRDA:116,9,0,0
BRDA:116,9,1,0
BRDA:118,10,0,0
BRDA:118,10,1,0
BRDA:136,11,0,0
BRDA:136,11,1,0
BRDA:138,12,0,0
BRDA:138,12,1,0
BRDA:138,13,0,0
BRDA:138,13,1,0
BRDA:141,14,0,0
BRDA:141,14,1,0
BRDA:173,15,0,0
BRDA:173,15,1,0
BRF:31
BRH:0
end_of_record
TN:
SF:src/components/ScriptEditor.tsx
FN:37,ScriptEditor
FN:49,(anonymous_1)
FN:66,(anonymous_2)
FN:87,(anonymous_3)
FN:90,(anonymous_4)
FN:93,(anonymous_5)
FN:135,(anonymous_6)
FNF:7
FNH:0
FNDA:0,ScriptEditor
FNDA:0,(anonymous_1)
FNDA:0,(anonymous_2)
FNDA:0,(anonymous_3)
FNDA:0,(anonymous_4)
FNDA:0,(anonymous_5)
FNDA:0,(anonymous_6)
DA:35,0
DA:38,0
DA:39,0
DA:40,0
DA:47,0
DA:49,0
DA:50,0
DA:51,0
DA:52,0
DA:53,0
DA:56,0
DA:66,0
DA:87,0
DA:90,0
DA:93,0
DA:135,0
LF:16
LH:0
BRDA:37,0,0,0
BRDA:50,1,0,0
BRDA:50,1,1,0
BRDA:73,2,0,0
BRDA:73,2,1,0
BRDA:76,3,0,0
BRDA:76,3,1,0
BRDA:87,4,0,0
BRDA:87,4,1,0
BRDA:90,5,0,0
BRDA:90,5,1,0
BRDA:93,6,0,0
BRDA:93,6,1,0
BRDA:102,7,0,0
BRDA:102,7,1,0
BRDA:107,8,0,0
BRDA:107,8,1,0
BRDA:111,9,0,0
BRDA:111,9,1,0
BRDA:114,10,0,0
BRDA:114,10,1,0
BRDA:121,11,0,0
BRDA:121,11,1,0
BRDA:121,11,2,0
BRDA:123,12,0,0
BRDA:123,12,1,0
BRDA:124,13,0,0
BRDA:124,13,1,0
BRDA:130,14,0,0
BRDA:130,14,1,0
BRDA:142,15,0,0
BRDA:142,15,1,0
BRDA:158,16,0,0
BRDA:158,16,1,0
BRDA:159,17,0,0
BRDA:159,17,1,0
BRF:36
BRH:0
end_of_record
TN:
SF:src/components/Settings.tsx
FN:16,Settings
FN:25,(anonymous_1)
FN:26,(anonymous_2)
FN:47,(anonymous_3)
FN:51,(anonymous_4)
FN:55,(anonymous_5)
FN:63,(anonymous_6)
FN:67,(anonymous_7)
FN:71,(anonymous_8)
FN:159,(anonymous_9)
FN:163,(anonymous_10)
FN:194,getStoredApiKey
FN:199,getStoredPexelsApiKey
FNF:13
FNH:0
FNDA:0,Settings
FNDA:0,(anonymous_1)
FNDA:0,(anonymous_2)
FNDA:0,(anonymous_3)
FNDA:0,(anonymous_4)
FNDA:0,(anonymous_5)
FNDA:0,(anonymous_6)
FNDA:0,(anonymous_7)
FNDA:0,(anonymous_8)
FNDA:0,(anonymous_9)
FNDA:0,(anonymous_10)
FNDA:0,getStoredApiKey
FNDA:0,getStoredPexelsApiKey
DA:17,0
DA:18,0
DA:19,0
DA:20,0
DA:21,0
DA:22,0
DA:23,0
DA:25,0
DA:26,0
DA:28,0
DA:30,0
DA:31,0
DA:32,0
DA:33,0
DA:35,0
DA:36,0
DA:37,0
DA:38,0
DA:40,0
DA:41,0
DA:44,0
DA:47,0
DA:48,0
DA:49,0
DA:50,0
DA:51,0
DA:55,0
DA:56,0
DA:57,0
DA:58,0
DA:59,0
DA:63,0
DA:64,0
DA:65,0
DA:66,0
DA:67,0
DA:71,0
DA:72,0
DA:73,0
DA:74,0
DA:75,0
DA:79,0
DA:159,0
DA:164,0
DA:195,0
DA:200,0
LF:46
LH:0
BRDA:31,0,0,0
BRDA:31,0,1,0
BRDA:33,1,0,0
BRDA:33,1,1,0
BRDA:48,2,0,0
BRDA:48,2,1,0
BRDA:56,3,0,0
BRDA:56,3,1,0
BRDA:64,4,0,0
BRDA:64,4,1,0
BRDA:72,5,0,0
BRDA:72,5,1,0
BRDA:83,6,0,0
BRDA:83,6,1,0
BRDA:136,7,0,0
BRDA:136,7,1,0
BRDA:138,8,0,0
BRDA:138,8,1,0
BRDA:140,9,0,0
BRDA:140,9,1,0
BRDA:141,10,0,0
BRDA:141,10,1,0
BRF:22
BRH:0
end_of_record
TN:
SF:src/components/StyleEditor.tsx
FN:16,(anonymous_0)
FN:25,(anonymous_1)
FN:36,(anonymous_2)
FN:50,(anonymous_3)
FN:135,getStoredStylePrompt
FN:140,getStoredSceneStylePrompt
FN:145,getStoredVoiceStylePrompt
FN:154,loadPrompts
FN:162,StyleEditor
FN:175,(anonymous_9)
FN:176,(anonymous_10)
FN:177,(anonymous_11)
FN:183,(anonymous_12)
FN:186,(anonymous_13)
FN:190,(anonymous_14)
FN:191,(anonymous_15)
FN:198,(anonymous_16)
FN:202,(anonymous_17)
FN:205,(anonymous_18)
FN:206,(anonymous_19)
FN:222,(anonymous_20)
FN:228,(anonymous_21)
FN:261,(anonymous_22)
FNF:23
FNH:0
FNDA:0,(anonymous_0)
FNDA:0,(anonymous_1)
FNDA:0,(anonymous_2)
FNDA:0,(anonymous_3)
FNDA:0,getStoredStylePrompt
FNDA:0,getStoredSceneStylePrompt
FNDA:0,getStoredVoiceStylePrompt
FNDA:0,loadPrompts
FNDA:0,StyleEditor
FNDA:0,(anonymous_9)
FNDA:0,(anonymous_10)
FNDA:0,(anonymous_11)
FNDA:0,(anonymous_12)
FNDA:0,(anonymous_13)
FNDA:0,(anonymous_14)
FNDA:0,(anonymous_15)
FNDA:0,(anonymous_16)
FNDA:0,(anonymous_17)
FNDA:0,(anonymous_18)
FNDA:0,(anonymous_19)
FNDA:0,(anonymous_20)
FNDA:0,(anonymous_21)
FNDA:0,(anonymous_22)
DA:16,0
DA:17,0
DA:25,0
DA:26,0
DA:36,0
DA:37,0
DA:50,0
DA:51,0
DA:62,0
DA:68,0
DA:71,0
DA:78,0
DA:85,0
DA:95,0
DA:136,0
DA:141,0
DA:146,0
DA:155,0
DA:163,0
DA:164,0
DA:165,0
DA:166,0
DA:171,0
DA:174,0
DA:176,0
DA:177,0
DA:183,0
DA:184,0
DA:185,0
DA:186,0
DA:190,0
DA:191,0
DA:192,0
DA:193,0
DA:194,0
DA:197,0
DA:198,0
DA:202,0
DA:203,0
DA:204,0
DA:205,0
DA:206,0
DA:207,0
DA:210,0
DA:211,0
DA:213,0
DA:223,0
DA:224,0
DA:228,0
DA:261,0
LF:50
LH:0
BRDA:136,0,0,0
BRDA:136,0,1,0
BRDA:141,1,0,0
BRDA:141,1,1,0
BRDA:146,2,0,0
BRDA:146,2,1,0
BRDA:192,3,0,0
BRDA:192,3,1,0
BRDA:192,4,0,0
BRDA:192,4,1,0
BRDA:192,4,2,0
BRDA:203,5,0,0
BRDA:203,5,1,0
BRDA:227,6,0,0
BRDA:227,6,1,0
BRDA:227,7,0,0
BRDA:227,7,1,0
BRDA:250,8,0,0
BRDA:250,8,1,0
BRDA:253,9,0,0
BRDA:253,9,1,0
BRDA:274,10,0,0
BRDA:274,10,1,0
BRDA:279,11,0,0
BRDA:279,11,1,0
BRF:25
BRH:0
end_of_record
TN:
SF:src/components/Timeline.tsx
FN:25,Timeline
FN:59,(anonymous_1)
FN:69,(anonymous_2)
FN:78,(anonymous_3)
FN:80,(anonymous_4)
FN:82,(anonymous_5)
FN:83,(anonymous_6)
FN:90,(anonymous_7)
FN:95,(anonymous_8)
FN:100,(anonymous_9)
FN:108,(anonymous_10)
FN:115,(anonymous_11)
FN:118,(anonymous_12)
FN:122,(anonymous_13)
FN:134,(anonymous_14)
FN:147,(anonymous_15)
FN:147,(anonymous_16)
FN:155,(anonymous_17)
FN:155,(anonymous_18)
FN:170,(anonymous_19)
FNF:20
FNH:0
FNDA:0,Timeline
FNDA:0,(anonymous_1)
FNDA:0,(anonymous_2)
FNDA:0,(anonymous_3)
FNDA:0,(anonymous_4)
FNDA:0,(anonymous_5)
FNDA:0,(anonymous_6)
FNDA:0,(anonymous_7)
FNDA:0,(anonymous_8)
FNDA:0,(anonymous_9)
FNDA:0,(anonymous_10)
FNDA:0,(anonymous_11)
FNDA:0,(anonymous_12)
FNDA:0,(anonymous_13)
FNDA:0,(anonymous_14)
FNDA:0,(anonymous_15)
FNDA:0,(anonymous_16)
FNDA:0,(anonymous_17)
FNDA:0,(anonymous_18)
FNDA:0,(anonymous_19)
DA:38,0
DA:39,0
DA:40,0
DA:43,0
DA:44,0
DA:45,0
DA:46,0
DA:47,0
DA:48,0
DA:50,0
DA:51,0
DA:53,0
DA:59,0
DA:60,0
DA:61,0
DA:67,0
DA:69,0
DA:70,0
DA:71,0
DA:72,0
DA:73,0
DA:75,0
DA:78,0
DA:79,0
DA:80,0
DA:81,0
DA:82,0
DA:83,0
DA:84,0
DA:87,0
DA:90,0
DA:91,0
DA:92,0
DA:95,0
DA:96,0
DA:100,0
DA:101,0
DA:102,0
DA:103,0
DA:104,0
DA:108,0
DA:109,0
DA:110,0
DA:111,0
DA:115,0
DA:116,0
DA:118,0
DA:119,0
DA:122,0
DA:123,0
DA:124,0
DA:125,0
DA:126,0
DA:128,0
DA:132,0
DA:133,0
DA:134,0
DA:135,0
DA:136,0
DA:140,0
DA:147,0
DA:155,0
DA:171,0
LF:63
LH:0
BRDA:26,0,0,0
BRDA:27,1,0,0
BRDA:29,2,0,0
BRDA:40,3,0,0
BRDA:40,3,1,0
BRDA:40,4,0,0
BRDA:40,4,1,0
BRDA:50,5,0,0
BRDA:50,5,1,0
BRDA:51,6,0,0
BRDA:51,6,1,0
BRDA:54,7,0,0
BRDA:54,7,1,0
BRDA:92,8,0,0
BRDA:92,8,1,0
BRDA:96,9,0,0
BRDA:96,9,1,0
BRDA:101,10,0,0
BRDA:101,10,1,0
BRDA:116,11,0,0
BRDA:116,11,1,0
BRDA:125,12,0,0
BRDA:125,12,1,0
BRDA:176,13,0,0
BRDA:176,13,1,0
BRDA:176,14,0,0
BRDA:176,14,1,0
BRDA:177,15,0,0
BRDA:177,15,1,0
BRDA:217,16,0,0
BRDA:217,16,1,0
BRF:31
BRH:0
end_of_record
TN:
SF:src/components/TimelineTrack.tsx
FN:30,TimelineTrack
FN:49,(anonymous_1)
FN:51,(anonymous_2)
FN:58,(anonymous_3)
FN:70,(anonymous_4)
FN:71,(anonymous_5)
FN:72,(anonymous_6)
FN:85,(anonymous_7)
FNF:8
FNH:5
FNDA:12,TimelineTrack
FNDA:0,(anonymous_1)
FNDA:0,(anonymous_2)
FNDA:9,(anonymous_3)
FNDA:0,(anonymous_4)
FNDA:3,(anonymous_5)
FNDA:1,(anonymous_6)
FNDA:5,(anonymous_7)
DA:36,12
DA:38,12
DA:39,12
DA:40,12
DA:41,12
DA:43,12
DA:49,0
DA:51,0
DA:59,9
DA:62,9
DA:64,9
DA:70,0
DA:71,3
DA:72,1
DA:86,5
LF:15
LH:12
BRDA:39,0,0,9
BRDA:39,0,1,3
BRDA:40,1,0,9
BRDA:40,1,1,3
BRDA:41,2,0,9
BRDA:41,2,1,3
BRDA:47,3,0,1
BRDA:47,3,1,11
BRDA:53,4,0,3
BRDA:53,4,1,9
BRDA:59,5,0,7
BRDA:59,5,1,2
BRDA:62,6,0,7
BRDA:62,6,1,2
BRDA:67,7,0,1
BRDA:67,7,1,8
BRDA:73,8,0,2
BRDA:73,8,1,7
BRDA:75,9,0,9
BRDA:75,9,1,7
BRDA:75,9,2,7
BRDA:75,9,3,1
BRDA:83,10,0,9
BRDA:83,10,1,2
BRDA:83,10,2,1
BRDA:96,11,0,12
BRDA:96,11,1,1
BRDA:96,11,2,1
BRF:28
BRH:28
end_of_record
TN:
SF:src/components/VideoModal.tsx
FN:12,VideoModal
FN:15,(anonymous_1)
FNF:2
FNH:0
FNDA:0,VideoModal
FNDA:0,(anonymous_1)
DA:13,0
DA:15,0
LF:2
LH:0
BRF:0
BRH:0
end_of_record
TN:
SF:src/hooks/useAsyncAction.ts
FN:24,useAsyncAction
FN:28,(anonymous_1)
FN:30,(anonymous_2)
FNF:3
FNH:0
FNDA:0,useAsyncAction
FNDA:0,(anonymous_1)
FNDA:0,(anonymous_2)
DA:25,0
DA:26,0
DA:28,0
DA:30,0
DA:31,0
DA:32,0
DA:33,0
DA:34,0
DA:36,0
DA:38,0
DA:42,0
LF:11
LH:0
BRF:0
BRH:0
end_of_record
TN:
SF:src/hooks/useMediaClips.ts
FN:35,useMediaClips
FN:44,(anonymous_1)
FN:49,(anonymous_2)
FN:57,(anonymous_3)
FN:90,(anonymous_4)
FN:102,(anonymous_5)
FN:104,(anonymous_6)
FN:104,(anonymous_7)
FN:106,(anonymous_8)
FN:106,(anonymous_9)
FN:111,(anonymous_10)
FN:113,(anonymous_11)
FN:113,(anonymous_12)
FN:115,(anonymous_13)
FN:115,(anonymous_14)
FN:120,(anonymous_15)
FN:126,(anonymous_16)
FN:150,(anonymous_17)
FN:152,(anonymous_18)
FN:159,(anonymous_19)
FN:161,(anonymous_20)
FNF:21
FNH:0
FNDA:0,useMediaClips
FNDA:0,(anonymous_1)
FNDA:0,(anonymous_2)
FNDA:0,(anonymous_3)
FNDA:0,(anonymous_4)
FNDA:0,(anonymous_5)
FNDA:0,(anonymous_6)
FNDA:0,(anonymous_7)
FNDA:0,(anonymous_8)
FNDA:0,(anonymous_9)
FNDA:0,(anonymous_10)
FNDA:0,(anonymous_11)
FNDA:0,(anonymous_12)
FNDA:0,(anonymous_13)
FNDA:0,(anonymous_14)
FNDA:0,(anonymous_15)
FNDA:0,(anonymous_16)
FNDA:0,(anonymous_17)
FNDA:0,(anonymous_18)
FNDA:0,(anonymous_19)
FNDA:0,(anonymous_20)
DA:39,0
DA:40,0
DA:41,0
DA:43,0
DA:44,0
DA:49,0
DA:50,0
DA:52,0
DA:53,0
DA:54,0
DA:56,0
DA:57,0
DA:58,0
DA:59,0
DA:60,0
DA:62,0
DA:65,0
DA:66,0
DA:67,0
DA:68,0
DA:69,0
DA:70,0
DA:71,0
DA:72,0
DA:73,0
DA:80,0
DA:82,0
DA:90,0
DA:91,0
DA:98,0
DA:102,0
DA:103,0
DA:104,0
DA:106,0
DA:111,0
DA:112,0
DA:113,0
DA:115,0
DA:120,0
DA:121,0
DA:122,0
DA:126,0
DA:127,0
DA:128,0
DA:129,0
DA:138,0
DA:139,0
DA:140,0
DA:141,0
DA:142,0
DA:144,0
DA:145,0
DA:150,0
DA:152,0
DA:153,0
DA:154,0
DA:159,0
DA:161,0
DA:166,0
DA:170,0
LF:60
LH:0
BRDA:50,0,0,0
BRDA:50,0,1,0
BRDA:58,1,0,0
BRDA:58,1,1,0
BRDA:58,2,0,0
BRDA:58,2,1,0
BRDA:59,3,0,0
BRDA:59,3,1,0
BRDA:65,4,0,0
BRDA:65,4,1,0
BRDA:69,5,0,0
BRDA:69,5,1,0
BRDA:75,6,0,0
BRDA:75,6,1,0
BRDA:82,7,0,0
BRDA:82,7,1,0
BRDA:93,8,0,0
BRDA:93,8,1,0
BRDA:103,9,0,0
BRDA:103,9,1,0
BRDA:112,10,0,0
BRDA:112,10,1,0
BRDA:113,11,0,0
BRDA:113,11,1,0
BRDA:115,12,0,0
BRDA:115,12,1,0
BRDA:138,13,0,0
BRDA:138,13,1,0
BRDA:138,14,0,0
BRDA:138,14,1,0
BRDA:140,15,0,0
BRDA:140,15,1,0
BRDA:141,16,0,0
BRDA:141,16,1,0
BRDA:144,17,0,0
BRDA:144,17,1,0
BRDA:153,18,0,0
BRDA:153,18,1,0
BRF:38
BRH:0
end_of_record
TN:
SF:src/hooks/useMediaDuration.ts
FN:13,probeWithElement
FN:14,(anonymous_1)
FN:17,(anonymous_2)
FN:26,(anonymous_3)
FN:31,useMediaDuration
FN:32,(anonymous_5)
FNF:6
FNH:0
FNDA:0,probeWithElement
FNDA:0,(anonymous_1)
FNDA:0,(anonymous_2)
FNDA:0,(anonymous_3)
FNDA:0,useMediaDuration
FNDA:0,(anonymous_5)
DA:10,0
DA:11,0
DA:14,0
DA:15,0
DA:16,0
DA:17,0
DA:18,0
DA:19,0
DA:20,0
DA:21,0
DA:22,0
DA:24,0
DA:26,0
DA:27,0
DA:32,0
DA:33,0
DA:34,0
DA:37,0
DA:38,0
DA:39,0
DA:40,0
DA:41,0
DA:44,0
DA:48,0
DA:49,0
DA:50,0
DA:51,0
DA:52,0
DA:53,0
DA:56,0
DA:59,0
DA:62,0
LF:32
LH:0
BRDA:19,0,0,0
BRDA:19,0,1,0
BRDA:33,1,0,0
BRDA:33,1,1,0
BRDA:38,2,0,0
BRDA:38,2,1,0
BRDA:40,3,0,0
BRDA:40,3,1,0
BRDA:52,4,0,0
BRDA:52,4,1,0
BRF:10
BRH:0
end_of_record
TN:
SF:src/hooks/usePlaybackSync.ts
FN:48,usePlaybackSync
FN:57,(anonymous_1)
FN:66,(anonymous_2)
FN:81,(anonymous_3)
FN:88,(anonymous_4)
FN:94,(anonymous_5)
FN:98,(anonymous_6)
FN:103,(anonymous_7)
FN:105,(anonymous_8)
FN:109,(anonymous_9)
FN:113,(anonymous_10)
FN:116,(anonymous_11)
FN:122,(anonymous_12)
FN:122,(anonymous_13)
FN:124,(anonymous_14)
FN:149,usePlaybackTime
FN:153,(anonymous_16)
FN:158,(anonymous_17)
FN:163,(anonymous_18)
FN:171,(anonymous_19)
FNF:20
FNH:0
FNDA:0,usePlaybackSync
FNDA:0,(anonymous_1)
FNDA:0,(anonymous_2)
FNDA:0,(anonymous_3)
FNDA:0,(anonymous_4)
FNDA:0,(anonymous_5)
FNDA:0,(anonymous_6)
FNDA:0,(anonymous_7)
FNDA:0,(anonymous_8)
FNDA:0,(anonymous_9)
FNDA:0,(anonymous_10)
FNDA:0,(anonymous_11)
FNDA:0,(anonymous_12)
FNDA:0,(anonymous_13)
FNDA:0,(anonymous_14)
FNDA:0,usePlaybackTime
FNDA:0,(anonymous_16)
FNDA:0,(anonymous_17)
FNDA:0,(anonymous_18)
FNDA:0,(anonymous_19)
DA:17,0
DA:20,0
DA:49,0
DA:50,0
DA:52,0
DA:53,0
DA:54,0
DA:55,0
DA:57,0
DA:58,0
DA:59,0
DA:60,0
DA:61,0
DA:63,0
DA:66,0
DA:67,0
DA:69,0
DA:70,0
DA:72,0
DA:74,0
DA:75,0
DA:76,0
DA:78,0
DA:81,0
DA:82,0
DA:83,0
DA:84,0
DA:85,0
DA:88,0
DA:89,0
DA:90,0
DA:91,0
DA:94,0
DA:95,0
DA:98,0
DA:99,0
DA:100,0
DA:103,0
DA:105,0
DA:106,0
DA:109,0
DA:110,0
DA:113,0
DA:116,0
DA:117,0
DA:118,0
DA:122,0
DA:124,0
DA:150,0
DA:153,0
DA:154,0
DA:158,0
DA:159,0
DA:161,0
DA:162,0
DA:163,0
DA:164,0
DA:165,0
DA:166,0
DA:168,0
DA:170,0
DA:171,0
DA:174,0
LF:63
LH:0
BRDA:48,0,0,0
BRDA:67,1,0,0
BRDA:67,1,1,0
BRDA:69,2,0,0
BRDA:69,2,1,0
BRDA:74,3,0,0
BRDA:74,3,1,0
BRDA:95,4,0,0
BRDA:95,4,1,0
BRDA:117,5,0,0
BRDA:117,5,1,0
BRDA:117,6,0,0
BRDA:117,6,1,0
BRDA:149,7,0,0
BRDA:159,8,0,0
BRDA:159,8,1,0
BRDA:159,9,0,0
BRDA:159,9,1,0
BRDA:164,10,0,0
BRDA:164,10,1,0
BRF:20
BRH:0
end_of_record
TN:
SF:src/hooks/useResolvedUrls.ts
FN:20,useResolvedUrls
FN:27,(anonymous_1)
FN:28,(anonymous_2)
FN:33,(anonymous_3)
FN:41,(anonymous_4)
FN:42,(anonymous_5)
FN:44,(anonymous_6)
FN:48,(anonymous_7)
FN:49,(anonymous_8)
FN:51,(anonymous_9)
FN:56,(anonymous_10)
FN:64,(anonymous_11)
FN:65,(anonymous_12)
FN:67,(anonymous_13)
FN:71,(anonymous_14)
FN:72,(anonymous_15)
FN:84,(anonymous_16)
FN:93,(anonymous_17)
FN:94,(anonymous_18)
FN:96,(anonymous_19)
FNF:20
FNH:0
FNDA:0,useResolvedUrls
FNDA:0,(anonymous_1)
FNDA:0,(anonymous_2)
FNDA:0,(anonymous_3)
FNDA:0,(anonymous_4)
FNDA:0,(anonymous_5)
FNDA:0,(anonymous_6)
FNDA:0,(anonymous_7)
FNDA:0,(anonymous_8)
FNDA:0,(anonymous_9)
FNDA:0,(anonymous_10)
FNDA:0,(anonymous_11)
FNDA:0,(anonymous_12)
FNDA:0,(anonymous_13)
FNDA:0,(anonymous_14)
FNDA:0,(anonymous_15)
FNDA:0,(anonymous_16)
FNDA:0,(anonymous_17)
FNDA:0,(anonymous_18)
FNDA:0,(anonymous_19)
DA:24,0
DA:27,0
DA:28,0
DA:29,0
DA:31,0
DA:32,0
DA:34,0
DA:35,0
DA:36,0
DA:38,0
DA:42,0
DA:44,0
DA:48,0
DA:49,0
DA:50,0
DA:51,0
DA:52,0
DA:54,0
DA:55,0
DA:57,0
DA:58,0
DA:59,0
DA:61,0
DA:65,0
DA:67,0
DA:71,0
DA:72,0
DA:73,0
DA:75,0
DA:76,0
DA:77,0
DA:78,0
DA:82,0
DA:83,0
DA:85,0
DA:86,0
DA:87,0
DA:88,0
DA:90,0
DA:94,0
DA:96,0
DA:99,0
LF:42
LH:0
BRDA:29,0,0,0
BRDA:29,0,1,0
BRDA:42,1,0,0
BRDA:42,1,1,0
BRDA:50,2,0,0
BRDA:50,2,1,0
BRDA:51,3,0,0
BRDA:51,3,1,0
BRDA:65,4,0,0
BRDA:65,4,1,0
BRDA:73,5,0,0
BRDA:73,5,1,0
BRDA:77,6,0,0
BRDA:77,6,1,0
BRDA:77,7,0,0
BRDA:77,7,1,0
BRDA:86,8,0,0
BRDA:86,8,1,0
BRDA:94,9,0,0
BRDA:94,9,1,0
BRF:20
BRH:0
end_of_record
TN:
SF:src/hooks/useScenes.ts
FN:16,persistScenes
FN:35,useScenes
FN:50,(anonymous_2)
FN:54,(anonymous_3)
FN:57,(anonymous_4)
FN:58,(anonymous_5)
FN:72,(anonymous_6)
FN:73,(anonymous_7)
FN:90,(anonymous_8)
FN:93,(anonymous_9)
FN:101,(anonymous_10)
FN:135,(anonymous_11)
FN:138,(anonymous_12)
FN:148,(anonymous_13)
FN:163,(anonymous_14)
FN:170,(anonymous_15)
FN:172,(anonymous_16)
FN:181,(anonymous_17)
FN:186,(anonymous_18)
FN:248,(anonymous_19)
FN:249,(anonymous_20)
FN:253,(anonymous_21)
FN:271,(anonymous_22)
FN:273,(anonymous_23)
FNF:24
FNH:0
FNDA:0,persistScenes
FNDA:0,useScenes
FNDA:0,(anonymous_2)
FNDA:0,(anonymous_3)
FNDA:0,(anonymous_4)
FNDA:0,(anonymous_5)
FNDA:0,(anonymous_6)
FNDA:0,(anonymous_7)
FNDA:0,(anonymous_8)
FNDA:0,(anonymous_9)
FNDA:0,(anonymous_10)
FNDA:0,(anonymous_11)
FNDA:0,(anonymous_12)
FNDA:0,(anonymous_13)
FNDA:0,(anonymous_14)
FNDA:0,(anonymous_15)
FNDA:0,(anonymous_16)
FNDA:0,(anonymous_17)
FNDA:0,(anonymous_18)
FNDA:0,(anonymous_19)
FNDA:0,(anonymous_20)
FNDA:0,(anonymous_21)
FNDA:0,(anonymous_22)
FNDA:0,(anonymous_23)
DA:17,0
DA:18,0
DA:19,0
DA:24,0
DA:36,0
DA:37,0
DA:38,0
DA:39,0
DA:40,0
DA:41,0
DA:42,0
DA:43,0
DA:44,0
DA:45,0
DA:46,0
DA:47,0
DA:49,0
DA:50,0
DA:54,0
DA:57,0
DA:58,0
DA:59,0
DA:60,0
DA:61,0
DA:62,0
DA:63,0
DA:68,0
DA:72,0
DA:73,0
DA:74,0
DA:75,0
DA:76,0
DA:77,0
DA:78,0
DA:79,0
DA:80,0
DA:86,0
DA:90,0
DA:91,0
DA:92,0
DA:93,0
DA:94,0
DA:95,0
DA:96,0
DA:101,0
DA:102,0
DA:103,0
DA:104,0
DA:105,0
DA:106,0
DA:109,0
DA:110,0
DA:111,0
DA:114,0
DA:115,0
DA:117,0
DA:118,0
DA:127,0
DA:135,0
DA:136,0
DA:138,0
DA:147,0
DA:148,0
DA:149,0
DA:150,0
DA:153,0
DA:154,0
DA:156,0
DA:158,0
DA:163,0
DA:164,0
DA:165,0
DA:166,0
DA:170,0
DA:171,0
DA:172,0
DA:173,0
DA:175,0
DA:176,0
DA:177,0
DA:181,0
DA:182,0
DA:186,0
DA:187,0
DA:188,0
DA:189,0
DA:190,0
DA:191,0
DA:193,0
DA:195,0
DA:196,0
DA:197,0
DA:199,0
DA:200,0
DA:201,0
DA:202,0
DA:205,0
DA:207,0
DA:208,0
DA:215,0
DA:217,0
DA:218,0
DA:223,0
DA:226,0
DA:227,0
DA:228,0
DA:233,0
DA:235,0
DA:237,0
DA:241,0
DA:242,0
DA:243,0
DA:244,0
DA:248,0
DA:249,0
DA:250,0
DA:252,0
DA:253,0
DA:254,0
DA:263,0
DA:264,0
DA:267,0
DA:271,0
DA:272,0
DA:273,0
DA:274,0
DA:276,0
DA:277,0
DA:280,0
LF:129
LH:0
BRDA:59,0,0,0
BRDA:59,0,1,0
BRDA:74,1,0,0
BRDA:74,1,1,0
BRDA:79,2,0,0
BRDA:79,2,1,0
BRDA:91,3,0,0
BRDA:91,3,1,0
BRDA:103,4,0,0
BRDA:103,4,1,0
BRDA:105,5,0,0
BRDA:105,5,1,0
BRDA:109,6,0,0
BRDA:109,6,1,0
BRDA:136,7,0,0
BRDA:136,7,1,0
BRDA:136,8,0,0
BRDA:136,8,1,0
BRDA:147,9,0,0
BRDA:147,9,1,0
BRDA:147,10,0,0
BRDA:147,10,1,0
BRDA:154,11,0,0
BRDA:154,11,1,0
BRDA:171,12,0,0
BRDA:171,12,1,0
BRDA:173,13,0,0
BRDA:173,13,1,0
BRDA:177,14,0,0
BRDA:177,14,1,0
BRDA:188,15,0,0
BRDA:188,15,1,0
BRDA:190,16,0,0
BRDA:190,16,1,0
BRDA:193,17,0,0
BRDA:193,17,1,0
BRDA:193,18,0,0
BRDA:193,18,1,0
BRDA:205,19,0,0
BRDA:205,19,1,0
BRDA:210,20,0,0
BRDA:210,20,1,0
BRDA:250,21,0,0
BRDA:250,21,1,0
BRDA:250,22,0,0
BRDA:250,22,1,0
BRDA:256,23,0,0
BRDA:256,23,1,0
BRDA:274,24,0,0
BRDA:274,24,1,0
BRDA:277,25,0,0
BRDA:277,25,1,0
BRF:52
BRH:0
end_of_record
TN:
SF:src/hooks/useScript.ts
FN:24,useScript
FN:36,(anonymous_1)
FN:40,(anonymous_2)
FN:40,(anonymous_3)
FN:44,(anonymous_4)
FN:48,(anonymous_5)
FN:53,(anonymous_6)
FN:67,(anonymous_7)
FN:87,(anonymous_8)
FN:88,(anonymous_9)
FN:95,(anonymous_10)
FN:98,(anonymous_11)
FN:102,(anonymous_12)
FN:116,(anonymous_13)
FN:134,(anonymous_14)
FN:154,(anonymous_15)
FNF:16
FNH:0
FNDA:0,useScript
FNDA:0,(anonymous_1)
FNDA:0,(anonymous_2)
FNDA:0,(anonymous_3)
FNDA:0,(anonymous_4)
FNDA:0,(anonymous_5)
FNDA:0,(anonymous_6)
FNDA:0,(anonymous_7)
FNDA:0,(anonymous_8)
FNDA:0,(anonymous_9)
FNDA:0,(anonymous_10)
FNDA:0,(anonymous_11)
FNDA:0,(anonymous_12)
FNDA:0,(anonymous_13)
FNDA:0,(anonymous_14)
FNDA:0,(anonymous_15)
DA:25,0
DA:26,0
DA:27,0
DA:28,0
DA:29,0
DA:30,0
DA:31,0
DA:32,0
DA:33,0
DA:35,0
DA:36,0
DA:40,0
DA:41,0
DA:42,0
DA:44,0
DA:45,0
DA:48,0
DA:49,0
DA:50,0
DA:53,0
DA:54,0
DA:55,0
DA:57,0
DA:58,0
DA:59,0
DA:60,0
DA:61,0
DA:67,0
DA:68,0
DA:69,0
DA:71,0
DA:72,0
DA:73,0
DA:74,0
DA:78,0
DA:79,0
DA:80,0
DA:82,0
DA:87,0
DA:88,0
DA:89,0
DA:90,0
DA:91,0
DA:94,0
DA:95,0
DA:98,0
DA:99,0
DA:102,0
DA:103,0
DA:104,0
DA:105,0
DA:106,0
DA:107,0
DA:110,0
DA:111,0
DA:112,0
DA:115,0
DA:116,0
DA:117,0
DA:118,0
DA:125,0
DA:127,0
DA:128,0
DA:129,0
DA:130,0
DA:134,0
DA:135,0
DA:136,0
DA:137,0
DA:138,0
DA:139,0
DA:142,0
DA:143,0
DA:144,0
DA:147,0
DA:148,0
DA:149,0
DA:150,0
DA:153,0
DA:154,0
DA:155,0
DA:157,0
DA:158,0
DA:159,0
DA:165,0
DA:166,0
DA:167,0
DA:168,0
DA:169,0
DA:176,0
DA:178,0
DA:186,0
DA:188,0
DA:190,0
DA:191,0
DA:196,0
LF:96
LH:0
BRDA:55,0,0,0
BRDA:55,0,1,0
BRDA:69,1,0,0
BRDA:69,1,1,0
BRDA:69,2,0,0
BRDA:69,2,1,0
BRDA:89,3,0,0
BRDA:89,3,1,0
BRDA:89,4,0,0
BRDA:89,4,1,0
BRDA:89,4,2,0
BRDA:104,5,0,0
BRDA:104,5,1,0
BRDA:106,6,0,0
BRDA:106,6,1,0
BRDA:110,7,0,0
BRDA:110,7,1,0
BRDA:136,8,0,0
BRDA:136,8,1,0
BRDA:138,9,0,0
BRDA:138,9,1,0
BRDA:142,10,0,0
BRDA:142,10,1,0
BRDA:148,11,0,0
BRDA:148,11,1,0
BRDA:168,12,0,0
BRDA:168,12,1,0
BRDA:168,13,0,0
BRDA:168,13,1,0
BRDA:168,13,2,0
BRDA:190,14,0,0
BRDA:190,14,1,0
BRF:32
BRH:0
end_of_record
TN:
SF:src/hooks/useThumbnailLoader.ts
FN:26,useThumbnailLoader
FN:31,(anonymous_1)
FN:33,(anonymous_2)
FN:41,(anonymous_3)
FN:47,(anonymous_4)
FN:49,(anonymous_5)
FN:50,(anonymous_6)
FN:64,(anonymous_7)
FN:68,(anonymous_8)
FNF:9
FNH:0
FNDA:0,useThumbnailLoader
FNDA:0,(anonymous_1)
FNDA:0,(anonymous_2)
FNDA:0,(anonymous_3)
FNDA:0,(anonymous_4)
FNDA:0,(anonymous_5)
FNDA:0,(anonymous_6)
FNDA:0,(anonymous_7)
FNDA:0,(anonymous_8)
DA:27,0
DA:28,0
DA:31,0
DA:33,0
DA:34,0
DA:36,0
DA:39,0
DA:40,0
DA:41,0
DA:47,0
DA:48,0
DA:50,0
DA:51,0
DA:52,0
DA:53,0
DA:54,0
DA:55,0
DA:56,0
DA:57,0
DA:64,0
DA:68,0
DA:69,0
DA:70,0
DA:74,0
LF:24
LH:0
BRDA:34,0,0,0
BRDA:34,0,1,0
BRDA:51,1,0,0
BRDA:51,1,1,0
BRDA:55,2,0,0
BRDA:55,2,1,0
BRDA:55,3,0,0
BRDA:55,3,1,0
BRDA:69,4,0,0
BRDA:69,4,1,0
BRDA:69,5,0,0
BRDA:69,5,1,0
BRF:12
BRH:0
end_of_record
TN:
SF:src/hooks/useTimelineDrag.ts
FN:15,useTimelineDrag
FN:20,(anonymous_1)
FN:28,(anonymous_2)
FN:40,(anonymous_3)
FN:48,(anonymous_4)
FNF:5
FNH:0
FNDA:0,useTimelineDrag
FNDA:0,(anonymous_1)
FNDA:0,(anonymous_2)
FNDA:0,(anonymous_3)
FNDA:0,(anonymous_4)
DA:16,0
DA:17,0
DA:18,0
DA:20,0
DA:21,0
DA:22,0
DA:23,0
DA:24,0
DA:25,0
DA:28,0
DA:29,0
DA:30,0
DA:31,0
DA:33,0
DA:34,0
DA:35,0
DA:36,0
DA:37,0
DA:40,0
DA:41,0
DA:42,0
DA:43,0
DA:44,0
DA:48,0
DA:49,0
DA:50,0
DA:51,0
DA:53,0
DA:54,0
DA:56,0
DA:57,0
DA:59,0
DA:60,0
DA:61,0
DA:62,0
DA:64,0
DA:67,0
LF:37
LH:0
BRDA:42,0,0,0
BRDA:42,0,1,0
BRDA:56,1,0,0
BRDA:56,1,1,0
BRDA:56,2,0,0
BRDA:56,2,1,0
BRDA:56,2,2,0
BRDA:57,3,0,0
BRDA:57,3,1,0
BRF:9
BRH:0
end_of_record
TN:
SF:src/hooks/useTimelinePersistence.ts
FN:36,useTimelinePersistence
FN:49,(anonymous_1)
FN:73,(anonymous_2)
FN:100,(anonymous_3)
FN:102,(anonymous_4)
FN:107,(anonymous_5)
FNF:6
FNH:0
FNDA:0,useTimelinePersistence
FNDA:0,(anonymous_1)
FNDA:0,(anonymous_2)
FNDA:0,(anonymous_3)
FNDA:0,(anonymous_4)
FNDA:0,(anonymous_5)
DA:15,0
DA:45,0
DA:46,0
DA:49,0
DA:50,0
DA:52,0
DA:58,0
DA:60,0
DA:62,0
DA:63,0
DA:64,0
DA:65,0
DA:66,0
DA:68,0
DA:73,0
DA:74,0
DA:76,0
DA:77,0
DA:78,0
DA:79,0
DA:80,0
DA:81,0
DA:83,0
DA:84,0
DA:86,0
DA:87,0
DA:89,0
DA:91,0
DA:96,0
DA:97,0
DA:100,0
DA:101,0
DA:102,0
DA:103,0
DA:107,0
DA:108,0
DA:109,0
DA:110,0
DA:115,0
LF:39
LH:0
BRDA:50,0,0,0
BRDA:50,0,1,0
BRDA:50,1,0,0
BRDA:50,1,1,0
BRDA:60,2,0,0
BRDA:60,2,1,0
BRDA:74,3,0,0
BRDA:74,3,1,0
BRDA:80,4,0,0
BRDA:80,4,1,0
BRDA:83,5,0,0
BRDA:83,5,1,0
BRDA:83,6,0,0
BRDA:83,6,1,0
BRDA:86,7,0,0
BRDA:86,7,1,0
BRDA:86,8,0,0
BRDA:86,8,1,0
BRDA:101,9,0,0
BRDA:101,9,1,0
BRDA:101,10,0,0
BRDA:101,10,1,0
BRDA:108,11,0,0
BRDA:108,11,1,0
BRF:24
BRH:0
end_of_record
TN:
SF:src/types/index.ts
FNF:0
FNH:0
LF:0
LH:0
BRF:0
BRH:0
end_of_record
TN:
SF:src/utils/duration.ts
FN:20,computeTotalDuration
FNF:1
FNH:1
FNDA:7,computeTotalDuration
DA:25,7
DA:26,7
DA:27,5
DA:28,5
DA:30,7
DA:31,2
DA:32,2
DA:34,7
LF:8
LH:8
BRDA:23,0,0,7
BRDA:28,1,0,4
BRDA:28,1,1,1
BRDA:32,2,0,2
BRDA:32,2,1,0
BRF:5
BRH:4
end_of_record
TN:
SF:src/utils/id.ts
FN:10,generateClipId
FNF:1
FNH:1
FNDA:53,generateClipId
DA:11,53
LF:1
LH:1
BRF:0
BRH:0
end_of_record
TN:
SF:src/utils/project.ts
FN:9,saveProjects
FN:14,loadProjects
FN:27,addProject
FN:29,(anonymous_3)
FN:39,removeProject
FN:40,(anonymous_5)
FN:45,generateProjectId
FN:50,setCurrentProject
FN:59,getCurrentProject
FN:72,createProject
FNF:10
FNH:10
FNDA:10,saveProjects
FNDA:15,loadProjects
FNDA:5,addProject
FNDA:1,(anonymous_3)
FNDA:2,removeProject
FNDA:3,(anonymous_5)
FNDA:53,generateProjectId
FNDA:3,setCurrentProject
FNDA:4,getCurrentProject
FNDA:2,createProject
DA:5,1
DA:6,1
DA:10,10
DA:15,15
DA:16,15
DA:17,10
DA:18,10
DA:20,1
DA:23,5
DA:28,5
DA:29,5
DA:30,5
DA:31,1
DA:33,4
DA:35,5
DA:40,3
DA:41,2
DA:46,53
DA:51,3
DA:52,2
DA:54,1
DA:60,4
DA:61,4
DA:62,2
DA:63,2
DA:65,1
DA:68,2
DA:73,2
DA:74,2
DA:81,2
DA:82,2
LF:31
LH:31
BRDA:16,0,0,10
BRDA:16,0,1,5
BRDA:30,1,0,1
BRDA:30,1,1,4
BRDA:51,2,0,2
BRDA:51,2,1,1
BRDA:61,3,0,2
BRDA:61,3,1,2
BRF:8
BRH:8
end_of_record
TN:
SF:src/utils/secureStore.ts
FN:14,isTauri
FN:22,getSecureValue
FN:43,setSecureValue
FN:66,removeSecureValue
FN:88,migrateToSecureStore
FNF:5
FNH:4
FNDA:9,isTauri
FNDA:4,getSecureValue
FNDA:4,setSecureValue
FNDA:1,removeSecureValue
FNDA:0,migrateToSecureStore
DA:11,1
DA:15,9
DA:23,4
DA:24,4
DA:27,0
DA:28,0
DA:29,0
DA:30,0
DA:31,0
DA:33,0
DA:35,0
DA:44,4
DA:45,4
DA:46,4
DA:49,0
DA:50,0
DA:51,0
DA:52,0
DA:53,0
DA:55,0
DA:57,0
DA:59,0
DA:67,1
DA:68,1
DA:69,1
DA:72,0
DA:73,0
DA:74,0
DA:75,0
DA:76,0
DA:78,0
DA:81,0
DA:89,0
DA:91,0
DA:92,0
DA:93,0
DA:94,0
DA:100,1
DA:101,1
DA:104,1
LF:40
LH:13
BRDA:15,0,0,9
BRDA:15,0,1,9
BRDA:23,1,0,4
BRDA:23,1,1,0
BRDA:31,2,0,0
BRDA:31,2,1,0
BRDA:44,3,0,4
BRDA:44,3,1,0
BRDA:67,4,0,1
BRDA:67,4,1,0
BRDA:89,5,0,0
BRDA:89,5,1,0
BRDA:93,6,0,0
BRDA:93,6,1,0
BRF:14
BRH:5
end_of_record
TN:
SF:src/utils/tauri.ts
FN:10,basename
FN:16,isTauriAvailable
FN:21,(anonymous_2)
FN:28,safeInvoke
FN:46,getTauriErrorMessage
FN:57,convertToAssetUrl
FN:72,revokeBlobUrl
FN:79,loadAudioAsBlob
FN:89,loadFileAsDataUri
FN:101,getStreamingPort
FN:111,getStreamingUrl
FN:135,loadFileAsBlobUrl
FNF:12
FNH:1
FNDA:7,basename
FNDA:0,isTauriAvailable
FNDA:0,(anonymous_2)
FNDA:0,safeInvoke
FNDA:0,getTauriErrorMessage
FNDA:0,convertToAssetUrl
FNDA:0,revokeBlobUrl
FNDA:0,loadAudioAsBlob
FNDA:0,loadFileAsDataUri
FNDA:0,getStreamingPort
FNDA:0,getStreamingUrl
FNDA:0,loadFileAsBlobUrl
DA:11,7
DA:12,7
DA:17,0
DA:22,0
DA:23,0
DA:32,0
DA:33,0
DA:36,0
DA:37,0
DA:38,0
DA:40,0
DA:41,0
DA:47,0
DA:48,0
DA:50,0
DA:51,0
DA:53,0
DA:58,0
DA:59,0
DA:62,0
DA:63,0
DA:64,0
DA:66,0
DA:67,0
DA:73,0
DA:74,0
DA:80,0
DA:81,0
DA:84,0
DA:85,0
DA:90,0
DA:91,0
DA:94,0
DA:98,1
DA:102,0
DA:103,0
DA:104,0
DA:112,0
DA:113,0
DA:117,1
DA:136,0
DA:137,0
DA:138,0
DA:139,0
DA:140,0
DA:141,0
LF:46
LH:4
BRDA:12,0,0,5
BRDA:12,0,1,2
BRDA:17,1,0,0
BRDA:17,1,1,0
BRDA:32,2,0,0
BRDA:32,2,1,0
BRDA:47,3,0,0
BRDA:47,3,1,0
BRDA:50,4,0,0
BRDA:50,4,1,0
BRDA:58,5,0,0
BRDA:58,5,1,0
BRDA:73,6,0,0
BRDA:73,6,1,0
BRDA:73,7,0,0
BRDA:73,7,1,0
BRDA:80,8,0,0
BRDA:80,8,1,0
BRDA:90,9,0,0
BRDA:90,9,1,0
BRDA:102,10,0,0
BRDA:102,10,1,0
BRDA:138,11,0,0
BRDA:138,11,1,0
BRDA:139,12,0,0
BRDA:139,12,1,0
BRF:26
BRH:2
end_of_record
TN:
SF:src/utils/timecode.ts
FN:9,formatTimecode
FN:18,formatTime
FNF:2
FNH:2
FNDA:7,formatTimecode
FNDA:33,formatTime
DA:6,4
DA:10,7
DA:11,7
DA:12,7
DA:13,7
DA:14,7
DA:19,33
DA:20,33
DA:21,33
LF:9
LH:9
BRF:0
BRH:0
end_of_record
